<?xml version="1.0" encoding="UTF-8"?>
<!-- Generated by org.testng.reporters.JUnitReportReporter -->
<testsuite hostname="LBHWDKT2" failures="0" tests="3" name="Hybrid_Framework.Tests.StandaloneTest2" time="29.176" errors="0" timestamp="2023-09-28T14:33:53 IST" skipped="0">
  <testcase classname="Hybrid_Framework.Tests.StandaloneTest2" name="submitOrderTestCase" time="15.909"/>
  <system-out/>
  <testcase classname="Hybrid_Framework.Tests.StandaloneTest2" name="orderHistoryTest" time="4.247"/>
  <system-out/>
  <testcase classname="Hybrid_Framework.Tests.StandaloneTest2" name="submitOrderTestCase" time="9.020"/>
  <system-out/>
</testsuite> <!-- Hybrid_Framework.Tests.StandaloneTest2 -->
